<?xml version="1.0" encoding="UTF-8"?>
<!-- Generated by org.testng.reporters.JUnitReportReporter -->
<testsuite hostname="DSK654-B1" name="org.quinnox.verifyLogin.VerifyLoginTest" tests="1" failures="0" timestamp="3 Mar 2016 07:06:28 GMT" time="19.381" errors="0">
  <testcase name="verifyLogin" time="19.381" classname="org.quinnox.verifyLogin.VerifyLoginTest"/>
</testsuite> <!-- org.quinnox.verifyLogin.VerifyLoginTest -->
